{"/Users/matheusdiascara/Documents/Developer/testes/challenge-nestjs-rabbitmq/src/app.module.ts": {"path":"/Users/matheusdiascara/Documents/Developer/testes/challenge-nestjs-rabbitmq/src/app.module.ts","statementMap":{"0":{"start":{"line":1,"column":0},"end":{"line":1,"column":40}},"1":{"start":{"line":2,"column":0},"end":{"line":2,"column":46}},"2":{"start":{"line":3,"column":0},"end":{"line":3,"column":47}},"3":{"start":{"line":4,"column":0},"end":{"line":4,"column":27}},"4":{"start":{"line":5,"column":0},"end":{"line":5,"column":46}},"5":{"start":{"line":6,"column":0},"end":{"line":6,"column":43}},"6":{"start":{"line":7,"column":0},"end":{"line":7,"column":null}},"7":{"start":{"line":12,"column":0},"end":{"line":12,"column":79}},"8":{"start":{"line":13,"column":0},"end":{"line":13,"column":58}},"9":{"start":{"line":42,"column":7},"end":{"line":42,"column":null}},"10":{"start":{"line":42,"column":13},"end":{"line":42,"column":22}},"11":{"start":{"line":42,"column":13},"end":{"line":42,"column":null}}},"fnMap":{},"branchMap":{},"s":{"0":0,"1":0,"2":0,"3":0,"4":0,"5":0,"6":0,"7":0,"8":0,"9":0,"10":0,"11":0},"f":{},"b":{}}
,"/Users/matheusdiascara/Documents/Developer/testes/challenge-nestjs-rabbitmq/src/main.ts": {"path":"/Users/matheusdiascara/Documents/Developer/testes/challenge-nestjs-rabbitmq/src/main.ts","statementMap":{"0":{"start":{"line":1,"column":0},"end":{"line":1,"column":43}},"1":{"start":{"line":2,"column":0},"end":{"line":2,"column":48}},"2":{"start":{"line":3,"column":0},"end":{"line":3,"column":37}},"3":{"start":{"line":4,"column":0},"end":{"line":4,"column":28}},"4":{"start":{"line":5,"column":0},"end":{"line":5,"column":41}},"5":{"start":{"line":6,"column":0},"end":{"line":6,"column":57}},"6":{"start":{"line":7,"column":0},"end":{"line":7,"column":82}},"7":{"start":{"line":8,"column":0},"end":{"line":8,"column":87}},"8":{"start":{"line":11,"column":14},"end":{"line":11,"column":71}},"9":{"start":{"line":13,"column":2},"end":{"line":13,"column":33}},"10":{"start":{"line":27,"column":2},"end":{"line":27,"column":37}},"11":{"start":{"line":29,"column":2},"end":{"line":29,"column":56}},"12":{"start":{"line":30,"column":2},"end":{"line":30,"column":58}},"13":{"start":{"line":32,"column":2},"end":{"line":38,"column":5}},"14":{"start":{"line":40,"column":2},"end":{"line":45,"column":4}},"15":{"start":{"line":47,"column":2},"end":{"line":47,"column":45}},"16":{"start":{"line":49,"column":0},"end":{"line":49,"column":12}}},"fnMap":{"0":{"name":"bootstrap","decl":{"start":{"line":10,"column":15},"end":{"line":10,"column":24}},"loc":{"start":{"line":10,"column":24},"end":{"line":48,"column":1}}}},"branchMap":{"0":{"loc":{"start":{"line":47,"column":19},"end":{"line":47,"column":43}},"type":"binary-expr","locations":[{"start":{"line":47,"column":19},"end":{"line":47,"column":35}},{"start":{"line":47,"column":39},"end":{"line":47,"column":43}}]}},"s":{"0":0,"1":0,"2":0,"3":0,"4":0,"5":0,"6":0,"7":0,"8":0,"9":0,"10":0,"11":0,"12":0,"13":0,"14":0,"15":0,"16":0},"f":{"0":0},"b":{"0":[0,0]}}
,"/Users/matheusdiascara/Documents/Developer/testes/challenge-nestjs-rabbitmq/src/application/index.ts": {"path":"/Users/matheusdiascara/Documents/Developer/testes/challenge-nestjs-rabbitmq/src/application/index.ts","statementMap":{"0":{"start":{"line":1,"column":0},"end":{"line":1,"column":46}},"1":{"start":{"line":3,"column":0},"end":{"line":3,"column":49}},"2":{"start":{"line":4,"column":0},"end":{"line":4,"column":53}}},"fnMap":{},"branchMap":{},"s":{"0":0,"1":0,"2":0},"f":{},"b":{}}
,"/Users/matheusdiascara/Documents/Developer/testes/challenge-nestjs-rabbitmq/src/application/common/success-response.dto.ts": {"path":"/Users/matheusdiascara/Documents/Developer/testes/challenge-nestjs-rabbitmq/src/application/common/success-response.dto.ts","statementMap":{"0":{"start":{"line":1,"column":0},"end":{"line":1,"column":46}},"1":{"start":{"line":12,"column":4},"end":{"line":12,"column":27}},"2":{"start":{"line":3,"column":0},"end":{"line":3,"column":13}},"3":{"start":{"line":9,"column":2},"end":{"line":9,"column":null}}},"fnMap":{"0":{"name":"(anonymous_2)","decl":{"start":{"line":11,"column":2},"end":{"line":11,"column":14}},"loc":{"start":{"line":11,"column":29},"end":{"line":13,"column":3}}}},"branchMap":{},"s":{"0":0,"1":0,"2":0,"3":0},"f":{"0":0},"b":{}}
,"/Users/matheusdiascara/Documents/Developer/testes/challenge-nestjs-rabbitmq/src/application/create/create-notification.dto.ts": {"path":"/Users/matheusdiascara/Documents/Developer/testes/challenge-nestjs-rabbitmq/src/application/create/create-notification.dto.ts","statementMap":{"0":{"start":{"line":1,"column":0},"end":{"line":1,"column":63}},"1":{"start":{"line":2,"column":0},"end":{"line":2,"column":46}},"2":{"start":{"line":4,"column":0},"end":{"line":4,"column":13}},"3":{"start":{"line":7,"column":2},"end":{"line":7,"column":null}},"4":{"start":{"line":12,"column":2},"end":{"line":12,"column":null}}},"fnMap":{},"branchMap":{},"s":{"0":0,"1":0,"2":0,"3":0,"4":0},"f":{},"b":{}}
,"/Users/matheusdiascara/Documents/Developer/testes/challenge-nestjs-rabbitmq/src/application/create/create-notification.usecase.ts": {"path":"/Users/matheusdiascara/Documents/Developer/testes/challenge-nestjs-rabbitmq/src/application/create/create-notification.usecase.ts","statementMap":{"0":{"start":{"line":1,"column":0},"end":{"line":1,"column":52}},"1":{"start":{"line":2,"column":0},"end":{"line":2,"column":60}},"2":{"start":{"line":6,"column":38},"end":{"line":22,"column":null}},"3":{"start":{"line":7,"column":28},"end":{"line":7,"column":70}},"4":{"start":{"line":9,"column":31},"end":{"line":9,"column":37}},"5":{"start":{"line":12,"column":4},"end":{"line":12,"column":67}},"6":{"start":{"line":14,"column":4},"end":{"line":17,"column":7}},"7":{"start":{"line":19,"column":4},"end":{"line":19,"column":66}},"8":{"start":{"line":20,"column":4},"end":{"line":20,"column":26}},"9":{"start":{"line":6,"column":13},"end":{"line":6,"column":38}},"10":{"start":{"line":6,"column":13},"end":{"line":22,"column":null}}},"fnMap":{"0":{"name":"(anonymous_2)","decl":{"start":{"line":9,"column":2},"end":{"line":9,"column":31}},"loc":{"start":{"line":9,"column":51},"end":{"line":9,"column":55}}},"1":{"name":"(anonymous_3)","decl":{"start":{"line":11,"column":2},"end":{"line":11,"column":7}},"loc":{"start":{"line":11,"column":42},"end":{"line":21,"column":3}}}},"branchMap":{},"s":{"0":1,"1":1,"2":1,"3":3,"4":3,"5":2,"6":2,"7":1,"8":1,"9":1,"10":1},"f":{"0":3,"1":2},"b":{}}
,"/Users/matheusdiascara/Documents/Developer/testes/challenge-nestjs-rabbitmq/src/config/helmet.config.ts": {"path":"/Users/matheusdiascara/Documents/Developer/testes/challenge-nestjs-rabbitmq/src/config/helmet.config.ts","statementMap":{"0":{"start":{"line":1,"column":31},"end":{"line":49,"column":1}},"1":{"start":{"line":2,"column":23},"end":{"line":2,"column":60}},"2":{"start":{"line":4,"column":2},"end":{"line":48,"column":4}},"3":{"start":{"line":1,"column":13},"end":{"line":1,"column":31}},"4":{"start":{"line":51,"column":13},"end":{"line":59,"column":2}}},"fnMap":{"0":{"name":"(anonymous_0)","decl":{"start":{"line":1,"column":31},"end":{"line":1,"column":34}},"loc":{"start":{"line":1,"column":36},"end":{"line":49,"column":1}}}},"branchMap":{"0":{"loc":{"start":{"line":29,"column":10},"end":{"line":35,"column":13}},"type":"cond-expr","locations":[{"start":{"line":30,"column":8},"end":{"line":34,"column":null}},{"start":{"line":35,"column":8},"end":{"line":35,"column":13}}]}},"s":{"0":0,"1":0,"2":0,"3":0,"4":0},"f":{"0":0},"b":{"0":[0,0]}}
,"/Users/matheusdiascara/Documents/Developer/testes/challenge-nestjs-rabbitmq/src/domain/entities/notification.entity.ts": {"path":"/Users/matheusdiascara/Documents/Developer/testes/challenge-nestjs-rabbitmq/src/domain/entities/notification.entity.ts","statementMap":{"0":{"start":{"line":1,"column":0},"end":{"line":1,"column":53}},"1":{"start":{"line":2,"column":0},"end":{"line":2,"column":79}},"2":{"start":{"line":3,"column":0},"end":{"line":3,"column":69}},"3":{"start":{"line":4,"column":0},"end":{"line":4,"column":77}},"4":{"start":{"line":18,"column":4},"end":{"line":18,"column":18}},"5":{"start":{"line":19,"column":4},"end":{"line":19,"column":28}},"6":{"start":{"line":20,"column":4},"end":{"line":20,"column":26}},"7":{"start":{"line":21,"column":4},"end":{"line":21,"column":32}},"8":{"start":{"line":22,"column":4},"end":{"line":22,"column":20}},"9":{"start":{"line":26,"column":4},"end":{"line":31,"column":6}},"10":{"start":{"line":35,"column":4},"end":{"line":40,"column":6}},"11":{"start":{"line":44,"column":4},"end":{"line":46,"column":5}},"12":{"start":{"line":45,"column":6},"end":{"line":45,"column":51}},"13":{"start":{"line":47,"column":4},"end":{"line":49,"column":5}},"14":{"start":{"line":48,"column":6},"end":{"line":48,"column":65}},"15":{"start":{"line":53,"column":4},"end":{"line":53,"column":48}},"16":{"start":{"line":57,"column":4},"end":{"line":57,"column":48}},"17":{"start":{"line":61,"column":4},"end":{"line":61,"column":26}},"18":{"start":{"line":65,"column":4},"end":{"line":65,"column":31}},"19":{"start":{"line":69,"column":4},"end":{"line":69,"column":30}},"20":{"start":{"line":73,"column":4},"end":{"line":73,"column":27}},"21":{"start":{"line":6,"column":0},"end":{"line":6,"column":13}}},"fnMap":{"0":{"name":"(anonymous_0)","decl":{"start":{"line":12,"column":2},"end":{"line":12,"column":null}},"loc":{"start":{"line":16,"column":19},"end":{"line":23,"column":3}}},"1":{"name":"(anonymous_1)","decl":{"start":{"line":25,"column":9},"end":{"line":25,"column":15}},"loc":{"start":{"line":25,"column":38},"end":{"line":32,"column":3}}},"2":{"name":"(anonymous_2)","decl":{"start":{"line":34,"column":9},"end":{"line":34,"column":15}},"loc":{"start":{"line":34,"column":56},"end":{"line":41,"column":3}}},"3":{"name":"(anonymous_3)","decl":{"start":{"line":43,"column":10},"end":{"line":43,"column":18}},"loc":{"start":{"line":43,"column":18},"end":{"line":50,"column":3}}},"4":{"name":"(anonymous_4)","decl":{"start":{"line":52,"column":9},"end":{"line":52,"column":20}},"loc":{"start":{"line":52,"column":20},"end":{"line":54,"column":3}}},"5":{"name":"(anonymous_5)","decl":{"start":{"line":56,"column":9},"end":{"line":56,"column":20}},"loc":{"start":{"line":56,"column":20},"end":{"line":58,"column":3}}},"6":{"name":"(anonymous_6)","decl":{"start":{"line":60,"column":2},"end":{"line":60,"column":6}},"loc":{"start":{"line":60,"column":8},"end":{"line":62,"column":3}}},"7":{"name":"(anonymous_7)","decl":{"start":{"line":64,"column":2},"end":{"line":64,"column":6}},"loc":{"start":{"line":64,"column":13},"end":{"line":66,"column":3}}},"8":{"name":"(anonymous_8)","decl":{"start":{"line":68,"column":2},"end":{"line":68,"column":6}},"loc":{"start":{"line":68,"column":12},"end":{"line":70,"column":3}}},"9":{"name":"(anonymous_9)","decl":{"start":{"line":72,"column":2},"end":{"line":72,"column":6}},"loc":{"start":{"line":72,"column":15},"end":{"line":74,"column":3}}}},"branchMap":{"0":{"loc":{"start":{"line":44,"column":4},"end":{"line":46,"column":5}},"type":"if","locations":[{"start":{"line":44,"column":4},"end":{"line":46,"column":5}}]},"1":{"loc":{"start":{"line":47,"column":4},"end":{"line":49,"column":5}},"type":"if","locations":[{"start":{"line":47,"column":4},"end":{"line":49,"column":5}}]}},"s":{"0":2,"1":2,"2":2,"3":2,"4":7,"5":7,"6":7,"7":7,"8":7,"9":5,"10":5,"11":7,"12":0,"13":7,"14":0,"15":3,"16":2,"17":11,"18":2,"19":10,"20":2,"21":2},"f":{"0":7,"1":5,"2":5,"3":7,"4":3,"5":2,"6":11,"7":2,"8":10,"9":2},"b":{"0":[0],"1":[0]}}
,"/Users/matheusdiascara/Documents/Developer/testes/challenge-nestjs-rabbitmq/src/domain/errors/domain.error.ts": {"path":"/Users/matheusdiascara/Documents/Developer/testes/challenge-nestjs-rabbitmq/src/domain/errors/domain.error.ts","statementMap":{"0":{"start":{"line":3,"column":4},"end":{"line":3,"column":19}},"1":{"start":{"line":4,"column":4},"end":{"line":4,"column":30}},"2":{"start":{"line":1,"column":0},"end":{"line":1,"column":13}}},"fnMap":{"0":{"name":"(anonymous_0)","decl":{"start":{"line":2,"column":2},"end":{"line":2,"column":14}},"loc":{"start":{"line":2,"column":29},"end":{"line":5,"column":3}}}},"branchMap":{},"s":{"0":9,"1":9,"2":5},"f":{"0":9},"b":{}}
,"/Users/matheusdiascara/Documents/Developer/testes/challenge-nestjs-rabbitmq/src/domain/value-objects/notification-content.vo.ts": {"path":"/Users/matheusdiascara/Documents/Developer/testes/challenge-nestjs-rabbitmq/src/domain/value-objects/notification-content.vo.ts","statementMap":{"0":{"start":{"line":1,"column":0},"end":{"line":1,"column":53}},"1":{"start":{"line":7,"column":4},"end":{"line":7,"column":33}},"2":{"start":{"line":8,"column":4},"end":{"line":8,"column":20}},"3":{"start":{"line":12,"column":4},"end":{"line":12,"column":44}},"4":{"start":{"line":16,"column":4},"end":{"line":18,"column":5}},"5":{"start":{"line":17,"column":6},"end":{"line":17,"column":75}},"6":{"start":{"line":19,"column":4},"end":{"line":23,"column":5}},"7":{"start":{"line":20,"column":6},"end":{"line":22,"column":8}},"8":{"start":{"line":27,"column":4},"end":{"line":27,"column":23}},"9":{"start":{"line":3,"column":0},"end":{"line":3,"column":13}}},"fnMap":{"0":{"name":"(anonymous_0)","decl":{"start":{"line":6,"column":2},"end":{"line":6,"column":22}},"loc":{"start":{"line":6,"column":37},"end":{"line":9,"column":3}}},"1":{"name":"(anonymous_1)","decl":{"start":{"line":11,"column":9},"end":{"line":11,"column":15}},"loc":{"start":{"line":11,"column":38},"end":{"line":13,"column":3}}},"2":{"name":"(anonymous_2)","decl":{"start":{"line":15,"column":10},"end":{"line":15,"column":18}},"loc":{"start":{"line":15,"column":18},"end":{"line":24,"column":3}}},"3":{"name":"(anonymous_3)","decl":{"start":{"line":26,"column":2},"end":{"line":26,"column":6}},"loc":{"start":{"line":26,"column":11},"end":{"line":28,"column":3}}}},"branchMap":{"0":{"loc":{"start":{"line":16,"column":4},"end":{"line":18,"column":5}},"type":"if","locations":[{"start":{"line":16,"column":4},"end":{"line":18,"column":5}}]},"1":{"loc":{"start":{"line":19,"column":4},"end":{"line":23,"column":5}},"type":"if","locations":[{"start":{"line":19,"column":4},"end":{"line":23,"column":5}}]}},"s":{"0":3,"1":14,"2":14,"3":14,"4":14,"5":4,"6":10,"7":1,"8":5,"9":3},"f":{"0":14,"1":14,"2":14,"3":5},"b":{"0":[4],"1":[1]}}
,"/Users/matheusdiascara/Documents/Developer/testes/challenge-nestjs-rabbitmq/src/domain/value-objects/notification-id.vo.ts": {"path":"/Users/matheusdiascara/Documents/Developer/testes/challenge-nestjs-rabbitmq/src/domain/value-objects/notification-id.vo.ts","statementMap":{"0":{"start":{"line":1,"column":0},"end":{"line":1,"column":36}},"1":{"start":{"line":2,"column":0},"end":{"line":2,"column":41}},"2":{"start":{"line":3,"column":0},"end":{"line":3,"column":53}},"3":{"start":{"line":9,"column":4},"end":{"line":9,"column":21}},"4":{"start":{"line":10,"column":4},"end":{"line":10,"column":20}},"5":{"start":{"line":14,"column":4},"end":{"line":14,"column":50}},"6":{"start":{"line":18,"column":4},"end":{"line":20,"column":5}},"7":{"start":{"line":19,"column":6},"end":{"line":19,"column":77}},"8":{"start":{"line":24,"column":4},"end":{"line":24,"column":23}},"9":{"start":{"line":5,"column":0},"end":{"line":5,"column":13}}},"fnMap":{"0":{"name":"(anonymous_0)","decl":{"start":{"line":8,"column":2},"end":{"line":8,"column":22}},"loc":{"start":{"line":8,"column":32},"end":{"line":11,"column":3}}},"1":{"name":"(anonymous_1)","decl":{"start":{"line":13,"column":9},"end":{"line":13,"column":15}},"loc":{"start":{"line":13,"column":34},"end":{"line":15,"column":3}}},"2":{"name":"(anonymous_2)","decl":{"start":{"line":17,"column":10},"end":{"line":17,"column":18}},"loc":{"start":{"line":17,"column":18},"end":{"line":21,"column":3}}},"3":{"name":"(anonymous_3)","decl":{"start":{"line":23,"column":2},"end":{"line":23,"column":6}},"loc":{"start":{"line":23,"column":11},"end":{"line":25,"column":3}}}},"branchMap":{"0":{"loc":{"start":{"line":14,"column":30},"end":{"line":14,"column":48}},"type":"binary-expr","locations":[{"start":{"line":14,"column":30},"end":{"line":14,"column":32}},{"start":{"line":14,"column":36},"end":{"line":14,"column":48}}]},"1":{"loc":{"start":{"line":18,"column":4},"end":{"line":20,"column":5}},"type":"if","locations":[{"start":{"line":18,"column":4},"end":{"line":20,"column":5}}]}},"s":{"0":3,"1":3,"2":3,"3":14,"4":14,"5":14,"6":14,"7":3,"8":15,"9":3},"f":{"0":14,"1":14,"2":14,"3":15},"b":{"0":[14,6],"1":[3]}}
,"/Users/matheusdiascara/Documents/Developer/testes/challenge-nestjs-rabbitmq/src/domain/value-objects/notification-status.vo.ts": {"path":"/Users/matheusdiascara/Documents/Developer/testes/challenge-nestjs-rabbitmq/src/domain/value-objects/notification-status.vo.ts","statementMap":{"0":{"start":{"line":1,"column":0},"end":{"line":1,"column":53}},"1":{"start":{"line":12,"column":4},"end":{"line":12,"column":25}},"2":{"start":{"line":13,"column":4},"end":{"line":13,"column":20}},"3":{"start":{"line":17,"column":4},"end":{"line":17,"column":62}},"4":{"start":{"line":21,"column":4},"end":{"line":21,"column":56}},"5":{"start":{"line":25,"column":4},"end":{"line":25,"column":57}},"6":{"start":{"line":29,"column":35},"end":{"line":33,"column":6}},"7":{"start":{"line":34,"column":4},"end":{"line":36,"column":5}},"8":{"start":{"line":35,"column":6},"end":{"line":35,"column":63}},"9":{"start":{"line":40,"column":4},"end":{"line":40,"column":23}},"10":{"start":{"line":8,"column":0},"end":{"line":8,"column":13}}},"fnMap":{"0":{"name":"(anonymous_0)","decl":{"start":{"line":11,"column":2},"end":{"line":11,"column":22}},"loc":{"start":{"line":11,"column":41},"end":{"line":14,"column":3}}},"1":{"name":"(anonymous_1)","decl":{"start":{"line":16,"column":9},"end":{"line":16,"column":15}},"loc":{"start":{"line":16,"column":24},"end":{"line":18,"column":3}}},"2":{"name":"(anonymous_2)","decl":{"start":{"line":20,"column":9},"end":{"line":20,"column":15}},"loc":{"start":{"line":20,"column":23},"end":{"line":22,"column":3}}},"3":{"name":"(anonymous_3)","decl":{"start":{"line":24,"column":9},"end":{"line":24,"column":15}},"loc":{"start":{"line":24,"column":23},"end":{"line":26,"column":3}}},"4":{"name":"(anonymous_4)","decl":{"start":{"line":28,"column":10},"end":{"line":28,"column":18}},"loc":{"start":{"line":28,"column":18},"end":{"line":37,"column":3}}},"5":{"name":"(anonymous_5)","decl":{"start":{"line":39,"column":2},"end":{"line":39,"column":6}},"loc":{"start":{"line":39,"column":11},"end":{"line":41,"column":3}}}},"branchMap":{"0":{"loc":{"start":{"line":34,"column":4},"end":{"line":36,"column":5}},"type":"if","locations":[{"start":{"line":34,"column":4},"end":{"line":36,"column":5}}]}},"s":{"0":2,"1":12,"2":12,"3":7,"4":3,"5":2,"6":12,"7":12,"8":0,"9":10,"10":2},"f":{"0":12,"1":7,"2":3,"3":2,"4":12,"5":10},"b":{"0":[0]}}
,"/Users/matheusdiascara/Documents/Developer/testes/challenge-nestjs-rabbitmq/src/infrastructure/index.ts": {"path":"/Users/matheusdiascara/Documents/Developer/testes/challenge-nestjs-rabbitmq/src/infrastructure/index.ts","statementMap":{"0":{"start":{"line":1,"column":0},"end":{"line":1,"column":41}},"1":{"start":{"line":2,"column":0},"end":{"line":2,"column":37}},"2":{"start":{"line":3,"column":0},"end":{"line":3,"column":49}},"3":{"start":{"line":4,"column":0},"end":{"line":4,"column":41}},"4":{"start":{"line":5,"column":0},"end":{"line":5,"column":41}}},"fnMap":{},"branchMap":{},"s":{"0":0,"1":0,"2":0,"3":0,"4":0},"f":{},"b":{}}
,"/Users/matheusdiascara/Documents/Developer/testes/challenge-nestjs-rabbitmq/src/infrastructure/gateway/gateway.module.ts": {"path":"/Users/matheusdiascara/Documents/Developer/testes/challenge-nestjs-rabbitmq/src/infrastructure/gateway/gateway.module.ts","statementMap":{"0":{"start":{"line":1,"column":0},"end":{"line":1,"column":40}},"1":{"start":{"line":2,"column":0},"end":{"line":2,"column":61}},"2":{"start":{"line":8,"column":7},"end":{"line":8,"column":null}},"3":{"start":{"line":8,"column":13},"end":{"line":8,"column":26}},"4":{"start":{"line":8,"column":13},"end":{"line":8,"column":null}}},"fnMap":{},"branchMap":{},"s":{"0":0,"1":0,"2":0,"3":0,"4":0},"f":{},"b":{}}
,"/Users/matheusdiascara/Documents/Developer/testes/challenge-nestjs-rabbitmq/src/infrastructure/gateway/notification.gateway.ts": {"path":"/Users/matheusdiascara/Documents/Developer/testes/challenge-nestjs-rabbitmq/src/infrastructure/gateway/notification.gateway.ts","statementMap":{"0":{"start":{"line":1,"column":0},"end":{"line":1,"column":71}},"1":{"start":{"line":2,"column":0},"end":{"line":2,"column":40}},"2":{"start":{"line":3,"column":0},"end":{"line":3,"column":35}},"3":{"start":{"line":11,"column":32},"end":{"line":20,"column":null}},"4":{"start":{"line":12,"column":28},"end":{"line":12,"column":64}},"5":{"start":{"line":18,"column":4},"end":{"line":18,"column":54}},"6":{"start":{"line":11,"column":13},"end":{"line":11,"column":32}},"7":{"start":{"line":15,"column":2},"end":{"line":15,"column":null}},"8":{"start":{"line":11,"column":13},"end":{"line":20,"column":null}}},"fnMap":{"0":{"name":"(anonymous_2)","decl":{"start":{"line":17,"column":2},"end":{"line":17,"column":11}},"loc":{"start":{"line":17,"column":11},"end":{"line":19,"column":3}}}},"branchMap":{},"s":{"0":1,"1":1,"2":1,"3":1,"4":0,"5":0,"6":1,"7":1,"8":1},"f":{"0":0},"b":{}}
,"/Users/matheusdiascara/Documents/Developer/testes/challenge-nestjs-rabbitmq/src/infrastructure/handler/create-notification.handler.ts": {"path":"/Users/matheusdiascara/Documents/Developer/testes/challenge-nestjs-rabbitmq/src/infrastructure/handler/create-notification.handler.ts","statementMap":{"0":{"start":{"line":1,"column":0},"end":{"line":1,"column":52}},"1":{"start":{"line":2,"column":0},"end":{"line":2,"column":77}},"2":{"start":{"line":3,"column":0},"end":{"line":3,"column":73}},"3":{"start":{"line":5,"column":20},"end":{"line":5,"column":52}},"4":{"start":{"line":6,"column":21},"end":{"line":6,"column":54}},"5":{"start":{"line":9,"column":38},"end":{"line":59,"column":null}},"6":{"start":{"line":10,"column":28},"end":{"line":10,"column":70}},"7":{"start":{"line":12,"column":31},"end":{"line":12,"column":37}},"8":{"start":{"line":36,"column":25},"end":{"line":38,"column":null}},"9":{"start":{"line":40,"column":4},"end":{"line":40,"column":70}},"10":{"start":{"line":42,"column":4},"end":{"line":42,"column":73}},"11":{"start":{"line":42,"column":29},"end":{"line":42,"column":71}},"12":{"start":{"line":44,"column":4},"end":{"line":48,"column":5}},"13":{"start":{"line":45,"column":6},"end":{"line":45,"column":33}},"14":{"start":{"line":47,"column":6},"end":{"line":47,"column":33}},"15":{"start":{"line":50,"column":4},"end":{"line":53,"column":7}},"16":{"start":{"line":55,"column":4},"end":{"line":55,"column":70}},"17":{"start":{"line":57,"column":4},"end":{"line":57,"column":11}},"18":{"start":{"line":9,"column":13},"end":{"line":9,"column":38}},"19":{"start":{"line":29,"column":15},"end":{"line":58,"column":null}},"20":{"start":{"line":9,"column":13},"end":{"line":59,"column":null}}},"fnMap":{"0":{"name":"(anonymous_2)","decl":{"start":{"line":12,"column":2},"end":{"line":12,"column":31}},"loc":{"start":{"line":12,"column":51},"end":{"line":12,"column":55}}},"1":{"name":"(anonymous_3)","decl":{"start":{"line":29,"column":9},"end":{"line":29,"column":14}},"loc":{"start":{"line":35,"column":3},"end":{"line":58,"column":3}}},"2":{"name":"(anonymous_4)","decl":{"start":{"line":42,"column":22},"end":{"line":42,"column":23}},"loc":{"start":{"line":42,"column":29},"end":{"line":42,"column":71}}}},"branchMap":{"0":{"loc":{"start":{"line":44,"column":4},"end":{"line":48,"column":5}},"type":"if","locations":[{"start":{"line":44,"column":4},"end":{"line":48,"column":5}},{"start":{"line":46,"column":11},"end":{"line":48,"column":5}}]}},"s":{"0":1,"1":1,"2":1,"3":1,"4":1,"5":1,"6":3,"7":3,"8":3,"9":3,"10":3,"11":3,"12":3,"13":1,"14":2,"15":3,"16":3,"17":3,"18":1,"19":1,"20":1},"f":{"0":3,"1":3,"2":3},"b":{"0":[1,2]}}
,"/Users/matheusdiascara/Documents/Developer/testes/challenge-nestjs-rabbitmq/src/infrastructure/handler/create-status-notification.handler.ts": {"path":"/Users/matheusdiascara/Documents/Developer/testes/challenge-nestjs-rabbitmq/src/infrastructure/handler/create-status-notification.handler.ts","statementMap":{"0":{"start":{"line":1,"column":0},"end":{"line":1,"column":52}},"1":{"start":{"line":2,"column":0},"end":{"line":2,"column":61}},"2":{"start":{"line":3,"column":0},"end":{"line":3,"column":70}},"3":{"start":{"line":5,"column":21},"end":{"line":5,"column":54}},"4":{"start":{"line":13,"column":44},"end":{"line":35,"column":null}},"5":{"start":{"line":14,"column":28},"end":{"line":14,"column":76}},"6":{"start":{"line":16,"column":31},"end":{"line":16,"column":40}},"7":{"start":{"line":29,"column":4},"end":{"line":29,"column":69}},"8":{"start":{"line":31,"column":4},"end":{"line":31,"column":75}},"9":{"start":{"line":33,"column":4},"end":{"line":33,"column":11}},"10":{"start":{"line":13,"column":13},"end":{"line":13,"column":44}},"11":{"start":{"line":28,"column":15},"end":{"line":34,"column":null}},"12":{"start":{"line":13,"column":13},"end":{"line":35,"column":null}}},"fnMap":{"0":{"name":"(anonymous_2)","decl":{"start":{"line":16,"column":2},"end":{"line":16,"column":31}},"loc":{"start":{"line":16,"column":59},"end":{"line":16,"column":63}}},"1":{"name":"(anonymous_3)","decl":{"start":{"line":28,"column":9},"end":{"line":28,"column":14}},"loc":{"start":{"line":28,"column":59},"end":{"line":34,"column":3}}}},"branchMap":{},"s":{"0":1,"1":1,"2":1,"3":1,"4":1,"5":3,"6":3,"7":2,"8":2,"9":2,"10":1,"11":1,"12":1},"f":{"0":3,"1":2},"b":{}}
,"/Users/matheusdiascara/Documents/Developer/testes/challenge-nestjs-rabbitmq/src/infrastructure/handler/handler.module.ts": {"path":"/Users/matheusdiascara/Documents/Developer/testes/challenge-nestjs-rabbitmq/src/infrastructure/handler/handler.module.ts","statementMap":{"0":{"start":{"line":1,"column":0},"end":{"line":1,"column":40}},"1":{"start":{"line":2,"column":0},"end":{"line":2,"column":74}},"2":{"start":{"line":3,"column":0},"end":{"line":3,"column":57}},"3":{"start":{"line":4,"column":0},"end":{"line":4,"column":87}},"4":{"start":{"line":5,"column":0},"end":{"line":5,"column":58}},"5":{"start":{"line":12,"column":7},"end":{"line":12,"column":null}},"6":{"start":{"line":12,"column":13},"end":{"line":12,"column":26}},"7":{"start":{"line":12,"column":13},"end":{"line":12,"column":null}}},"fnMap":{},"branchMap":{},"s":{"0":0,"1":0,"2":0,"3":0,"4":0,"5":0,"6":0,"7":0},"f":{},"b":{}}
,"/Users/matheusdiascara/Documents/Developer/testes/challenge-nestjs-rabbitmq/src/infrastructure/health/health.http.ts": {"path":"/Users/matheusdiascara/Documents/Developer/testes/challenge-nestjs-rabbitmq/src/infrastructure/health/health.http.ts","statementMap":{"0":{"start":{"line":1,"column":0},"end":{"line":1,"column":49}},"1":{"start":{"line":2,"column":0},"end":{"line":2,"column":45}},"2":{"start":{"line":3,"column":0},"end":{"line":3,"column":69}},"3":{"start":{"line":7,"column":7},"end":{"line":42,"column":null}},"4":{"start":{"line":12,"column":4},"end":{"line":22,"column":6}},"5":{"start":{"line":26,"column":21},"end":{"line":26,"column":42}},"6":{"start":{"line":27,"column":4},"end":{"line":32,"column":6}},"7":{"start":{"line":36,"column":4},"end":{"line":40,"column":6}},"8":{"start":{"line":7,"column":13},"end":{"line":7,"column":29}},"9":{"start":{"line":11,"column":2},"end":{"line":23,"column":null}},"10":{"start":{"line":7,"column":13},"end":{"line":42,"column":null}}},"fnMap":{"0":{"name":"(anonymous_2)","decl":{"start":{"line":11,"column":2},"end":{"line":11,"column":11}},"loc":{"start":{"line":11,"column":11},"end":{"line":23,"column":3}}},"1":{"name":"(anonymous_3)","decl":{"start":{"line":25,"column":10},"end":{"line":25,"column":24}},"loc":{"start":{"line":25,"column":24},"end":{"line":33,"column":3}}},"2":{"name":"(anonymous_4)","decl":{"start":{"line":35,"column":10},"end":{"line":35,"column":23}},"loc":{"start":{"line":35,"column":23},"end":{"line":41,"column":3}}}},"branchMap":{"0":{"loc":{"start":{"line":16,"column":19},"end":{"line":16,"column":56}},"type":"binary-expr","locations":[{"start":{"line":16,"column":19},"end":{"line":16,"column":39}},{"start":{"line":16,"column":43},"end":{"line":16,"column":56}}]}},"s":{"0":0,"1":0,"2":0,"3":0,"4":0,"5":0,"6":0,"7":0,"8":0,"9":0,"10":0},"f":{"0":0,"1":0,"2":0},"b":{"0":[0,0]}}
,"/Users/matheusdiascara/Documents/Developer/testes/challenge-nestjs-rabbitmq/src/infrastructure/http/notification-http.ts": {"path":"/Users/matheusdiascara/Documents/Developer/testes/challenge-nestjs-rabbitmq/src/infrastructure/http/notification-http.ts","statementMap":{"0":{"start":{"line":1,"column":0},"end":{"line":1,"column":78}},"1":{"start":{"line":2,"column":0},"end":{"line":2,"column":42}},"2":{"start":{"line":3,"column":0},"end":{"line":3,"column":null}},"3":{"start":{"line":10,"column":7},"end":{"line":21,"column":null}},"4":{"start":{"line":11,"column":31},"end":{"line":11,"column":51}},"5":{"start":{"line":18,"column":23},"end":{"line":18,"column":65}},"6":{"start":{"line":19,"column":4},"end":{"line":19,"column":26}},"7":{"start":{"line":10,"column":13},"end":{"line":10,"column":36}},"8":{"start":{"line":15,"column":8},"end":{"line":20,"column":null}},"9":{"start":{"line":10,"column":13},"end":{"line":21,"column":null}}},"fnMap":{"0":{"name":"(anonymous_4)","decl":{"start":{"line":11,"column":2},"end":{"line":11,"column":31}},"loc":{"start":{"line":11,"column":76},"end":{"line":11,"column":80}}},"1":{"name":"(anonymous_5)","decl":{"start":{"line":15,"column":2},"end":{"line":15,"column":7}},"loc":{"start":{"line":16,"column":38},"end":{"line":20,"column":3}}}},"branchMap":{},"s":{"0":0,"1":0,"2":0,"3":0,"4":0,"5":0,"6":0,"7":0,"8":0,"9":0},"f":{"0":0,"1":0},"b":{}}
,"/Users/matheusdiascara/Documents/Developer/testes/challenge-nestjs-rabbitmq/src/infrastructure/message-broker/config.ts": {"path":"/Users/matheusdiascara/Documents/Developer/testes/challenge-nestjs-rabbitmq/src/infrastructure/message-broker/config.ts","statementMap":{"0":{"start":{"line":1,"column":0},"end":{"line":1,"column":61}},"1":{"start":{"line":4,"column":13},"end":{"line":28,"column":2}},"2":{"start":{"line":7,"column":58},"end":{"line":27,"column":4}}},"fnMap":{"0":{"name":"(anonymous_0)","decl":{"start":{"line":7,"column":14},"end":{"line":7,"column":15}},"loc":{"start":{"line":7,"column":58},"end":{"line":27,"column":4}}}},"branchMap":{},"s":{"0":0,"1":0,"2":0},"f":{"0":0},"b":{}}
,"/Users/matheusdiascara/Documents/Developer/testes/challenge-nestjs-rabbitmq/src/infrastructure/message-broker/index.ts": {"path":"/Users/matheusdiascara/Documents/Developer/testes/challenge-nestjs-rabbitmq/src/infrastructure/message-broker/index.ts","statementMap":{"0":{"start":{"line":1,"column":0},"end":{"line":1,"column":34}}},"fnMap":{},"branchMap":{},"s":{"0":0},"f":{},"b":{}}
,"/Users/matheusdiascara/Documents/Developer/testes/challenge-nestjs-rabbitmq/src/infrastructure/message-broker/rabbitmq.module.ts": {"path":"/Users/matheusdiascara/Documents/Developer/testes/challenge-nestjs-rabbitmq/src/infrastructure/message-broker/rabbitmq.module.ts","statementMap":{"0":{"start":{"line":1,"column":0},"end":{"line":1,"column":40}},"1":{"start":{"line":2,"column":0},"end":{"line":2,"column":60}},"2":{"start":{"line":3,"column":0},"end":{"line":3,"column":42}},"3":{"start":{"line":9,"column":7},"end":{"line":9,"column":null}},"4":{"start":{"line":9,"column":13},"end":{"line":9,"column":33}},"5":{"start":{"line":9,"column":13},"end":{"line":9,"column":null}}},"fnMap":{},"branchMap":{},"s":{"0":0,"1":0,"2":0,"3":0,"4":0,"5":0},"f":{},"b":{}}
,"/Users/matheusdiascara/Documents/Developer/testes/challenge-nestjs-rabbitmq/src/utils/constants/response-messages.ts": {"path":"/Users/matheusdiascara/Documents/Developer/testes/challenge-nestjs-rabbitmq/src/utils/constants/response-messages.ts","statementMap":{"0":{"start":{"line":1,"column":13},"end":{"line":3,"column":11}}},"fnMap":{},"branchMap":{},"s":{"0":1},"f":{},"b":{}}
,"/Users/matheusdiascara/Documents/Developer/testes/challenge-nestjs-rabbitmq/src/utils/interceptors/ logging.interceptor.ts": {"path":"/Users/matheusdiascara/Documents/Developer/testes/challenge-nestjs-rabbitmq/src/utils/interceptors/ logging.interceptor.ts","statementMap":{"0":{"start":{"line":1,"column":0},"end":{"line":1,"column":null}},"1":{"start":{"line":8,"column":0},"end":{"line":8,"column":44}},"2":{"start":{"line":9,"column":0},"end":{"line":9,"column":37}},"3":{"start":{"line":10,"column":0},"end":{"line":10,"column":34}},"4":{"start":{"line":13,"column":7},"end":{"line":76,"column":null}},"5":{"start":{"line":14,"column":28},"end":{"line":14,"column":46}},"6":{"start":{"line":16,"column":31},"end":{"line":16,"column":37}},"7":{"start":{"line":19,"column":4},"end":{"line":19,"column":55}},"8":{"start":{"line":19,"column":34},"end":{"line":19,"column":55}},"9":{"start":{"line":21,"column":16},"end":{"line":21,"column":47}},"10":{"start":{"line":22,"column":28},"end":{"line":22,"column":31}},"11":{"start":{"line":23,"column":15},"end":{"line":23,"column":21}},"12":{"start":{"line":24,"column":18},"end":{"line":24,"column":28}},"13":{"start":{"line":26,"column":4},"end":{"line":26,"column":50}},"14":{"start":{"line":28,"column":4},"end":{"line":33,"column":6}},"15":{"start":{"line":30,"column":20},"end":{"line":30,"column":59}},"16":{"start":{"line":31,"column":24},"end":{"line":31,"column":68}},"17":{"start":{"line":44,"column":16},"end":{"line":44,"column":48}},"18":{"start":{"line":45,"column":19},"end":{"line":45,"column":33}},"19":{"start":{"line":46,"column":17},"end":{"line":46,"column":35}},"20":{"start":{"line":47,"column":17},"end":{"line":47,"column":68}},"21":{"start":{"line":49,"column":4},"end":{"line":51,"column":30}},"22":{"start":{"line":53,"column":4},"end":{"line":57,"column":5}},"23":{"start":{"line":54,"column":6},"end":{"line":54,"column":37}},"24":{"start":{"line":61,"column":17},"end":{"line":68,"column":6}},"25":{"start":{"line":70,"column":4},"end":{"line":74,"column":19}},"26":{"start":{"line":13,"column":13},"end":{"line":13,"column":31}},"27":{"start":{"line":13,"column":13},"end":{"line":76,"column":null}}},"fnMap":{"0":{"name":"(anonymous_2)","decl":{"start":{"line":16,"column":2},"end":{"line":16,"column":31}},"loc":{"start":{"line":16,"column":48},"end":{"line":16,"column":52}}},"1":{"name":"(anonymous_3)","decl":{"start":{"line":18,"column":2},"end":{"line":18,"column":11}},"loc":{"start":{"line":18,"column":52},"end":{"line":34,"column":3}}},"2":{"name":"(anonymous_4)","decl":{"start":{"line":30,"column":14},"end":{"line":30,"column":17}},"loc":{"start":{"line":30,"column":20},"end":{"line":30,"column":59}}},"3":{"name":"(anonymous_5)","decl":{"start":{"line":31,"column":15},"end":{"line":31,"column":16}},"loc":{"start":{"line":31,"column":24},"end":{"line":31,"column":68}}},"4":{"name":"(anonymous_6)","decl":{"start":{"line":36,"column":10},"end":{"line":36,"column":15}},"loc":{"start":{"line":42,"column":17},"end":{"line":58,"column":3}}},"5":{"name":"(anonymous_7)","decl":{"start":{"line":60,"column":10},"end":{"line":60,"column":23}},"loc":{"start":{"line":60,"column":35},"end":{"line":75,"column":3}}}},"branchMap":{"0":{"loc":{"start":{"line":19,"column":4},"end":{"line":19,"column":55}},"type":"if","locations":[{"start":{"line":19,"column":4},"end":{"line":19,"column":55}}]},"1":{"loc":{"start":{"line":49,"column":4},"end":{"line":51,"column":29}},"type":"cond-expr","locations":[{"start":{"line":50,"column":8},"end":{"line":50,"column":55}},{"start":{"line":51,"column":8},"end":{"line":51,"column":29}}]},"2":{"loc":{"start":{"line":64,"column":25},"end":{"line":64,"column":56}},"type":"binary-expr","locations":[{"start":{"line":64,"column":25},"end":{"line":64,"column":45}},{"start":{"line":64,"column":49},"end":{"line":64,"column":56}}]}},"s":{"0":0,"1":0,"2":0,"3":0,"4":0,"5":0,"6":0,"7":0,"8":0,"9":0,"10":0,"11":0,"12":0,"13":0,"14":0,"15":0,"16":0,"17":0,"18":0,"19":0,"20":0,"21":0,"22":0,"23":0,"24":0,"25":0,"26":0,"27":0},"f":{"0":0,"1":0,"2":0,"3":0,"4":0,"5":0},"b":{"0":[0],"1":[0,0],"2":[0,0]}}
,"/Users/matheusdiascara/Documents/Developer/testes/challenge-nestjs-rabbitmq/src/utils/interceptors/domain-error.interceptor.ts": {"path":"/Users/matheusdiascara/Documents/Developer/testes/challenge-nestjs-rabbitmq/src/utils/interceptors/domain-error.interceptor.ts","statementMap":{"0":{"start":{"line":1,"column":0},"end":{"line":1,"column":null}},"1":{"start":{"line":8,"column":0},"end":{"line":8,"column":46}},"2":{"start":{"line":9,"column":0},"end":{"line":9,"column":44}},"3":{"start":{"line":10,"column":0},"end":{"line":10,"column":66}},"4":{"start":{"line":11,"column":0},"end":{"line":11,"column":63}},"5":{"start":{"line":14,"column":7},"end":{"line":30,"column":null}},"6":{"start":{"line":16,"column":4},"end":{"line":28,"column":6}},"7":{"start":{"line":18,"column":8},"end":{"line":25,"column":9}},"8":{"start":{"line":19,"column":10},"end":{"line":24,"column":12}},"9":{"start":{"line":21,"column":14},"end":{"line":22,"column":null}},"10":{"start":{"line":26,"column":8},"end":{"line":26,"column":37}},"11":{"start":{"line":26,"column":32},"end":{"line":26,"column":35}},"12":{"start":{"line":14,"column":13},"end":{"line":14,"column":35}},"13":{"start":{"line":14,"column":13},"end":{"line":30,"column":null}}},"fnMap":{"0":{"name":"(anonymous_1)","decl":{"start":{"line":15,"column":2},"end":{"line":15,"column":11}},"loc":{"start":{"line":15,"column":57},"end":{"line":29,"column":3}}},"1":{"name":"(anonymous_2)","decl":{"start":{"line":17,"column":17},"end":{"line":17,"column":18}},"loc":{"start":{"line":17,"column":32},"end":{"line":27,"column":7}}},"2":{"name":"(anonymous_3)","decl":{"start":{"line":20,"column":12},"end":{"line":20,"column":15}},"loc":{"start":{"line":21,"column":14},"end":{"line":22,"column":null}}},"3":{"name":"(anonymous_4)","decl":{"start":{"line":26,"column":26},"end":{"line":26,"column":29}},"loc":{"start":{"line":26,"column":32},"end":{"line":26,"column":35}}}},"branchMap":{"0":{"loc":{"start":{"line":18,"column":8},"end":{"line":25,"column":9}},"type":"if","locations":[{"start":{"line":18,"column":8},"end":{"line":25,"column":9}}]}},"s":{"0":1,"1":1,"2":1,"3":1,"4":1,"5":1,"6":3,"7":3,"8":2,"9":2,"10":1,"11":1,"12":1,"13":1},"f":{"0":3,"1":3,"2":2,"3":1},"b":{"0":[2]}}
,"/Users/matheusdiascara/Documents/Developer/testes/challenge-nestjs-rabbitmq/src/utils/interceptors/transform.interceptor.ts": {"path":"/Users/matheusdiascara/Documents/Developer/testes/challenge-nestjs-rabbitmq/src/utils/interceptors/transform.interceptor.ts","statementMap":{"0":{"start":{"line":1,"column":0},"end":{"line":1,"column":null}},"1":{"start":{"line":8,"column":0},"end":{"line":8,"column":37}},"2":{"start":{"line":11,"column":7},"end":{"line":24,"column":null}},"3":{"start":{"line":18,"column":4},"end":{"line":22,"column":6}},"4":{"start":{"line":19,"column":19},"end":{"line":21,"column":8}},"5":{"start":{"line":11,"column":13},"end":{"line":11,"column":33}},"6":{"start":{"line":11,"column":13},"end":{"line":24,"column":null}}},"fnMap":{"0":{"name":"(anonymous_1)","decl":{"start":{"line":14,"column":2},"end":{"line":14,"column":11}},"loc":{"start":{"line":16,"column":21},"end":{"line":23,"column":3}}},"1":{"name":"(anonymous_2)","decl":{"start":{"line":19,"column":10},"end":{"line":19,"column":14}},"loc":{"start":{"line":19,"column":19},"end":{"line":21,"column":8}}}},"branchMap":{},"s":{"0":1,"1":1,"2":1,"3":3,"4":3,"5":1,"6":1},"f":{"0":3,"1":3},"b":{}}
,"/Users/matheusdiascara/Documents/Developer/testes/challenge-nestjs-rabbitmq/src/utils/logger/index.ts": {"path":"/Users/matheusdiascara/Documents/Developer/testes/challenge-nestjs-rabbitmq/src/utils/logger/index.ts","statementMap":{"0":{"start":{"line":1,"column":0},"end":{"line":1,"column":32}}},"fnMap":{},"branchMap":{},"s":{"0":0},"f":{},"b":{}}
,"/Users/matheusdiascara/Documents/Developer/testes/challenge-nestjs-rabbitmq/src/utils/logger/logger.module.ts": {"path":"/Users/matheusdiascara/Documents/Developer/testes/challenge-nestjs-rabbitmq/src/utils/logger/logger.module.ts","statementMap":{"0":{"start":{"line":1,"column":0},"end":{"line":1,"column":40}},"1":{"start":{"line":2,"column":0},"end":{"line":2,"column":61}},"2":{"start":{"line":3,"column":0},"end":{"line":3,"column":27}},"3":{"start":{"line":4,"column":0},"end":{"line":4,"column":63}},"4":{"start":{"line":52,"column":7},"end":{"line":52,"column":null}},"5":{"start":{"line":52,"column":13},"end":{"line":52,"column":25}},"6":{"start":{"line":52,"column":13},"end":{"line":52,"column":null}},"7":{"start":{"line":17,"column":25},"end":{"line":17,"column":65}},"8":{"start":{"line":18,"column":24},"end":{"line":18,"column":70}},"9":{"start":{"line":20,"column":8},"end":{"line":37,"column":9}},"10":{"start":{"line":21,"column":10},"end":{"line":36,"column":12}},"11":{"start":{"line":23,"column":44},"end":{"line":25,"column":16}},"12":{"start":{"line":39,"column":8},"end":{"line":46,"column":10}},"13":{"start":{"line":41,"column":42},"end":{"line":43,"column":14}}},"fnMap":{"0":{"name":"(anonymous_1)","decl":{"start":{"line":16,"column":18},"end":{"line":16,"column":19}},"loc":{"start":{"line":16,"column":51},"end":{"line":47,"column":7}}},"1":{"name":"(anonymous_2)","decl":{"start":{"line":23,"column":27},"end":{"line":23,"column":28}},"loc":{"start":{"line":23,"column":44},"end":{"line":25,"column":16}}},"2":{"name":"(anonymous_3)","decl":{"start":{"line":41,"column":25},"end":{"line":41,"column":26}},"loc":{"start":{"line":41,"column":42},"end":{"line":43,"column":14}}}},"branchMap":{"0":{"loc":{"start":{"line":17,"column":25},"end":{"line":17,"column":65}},"type":"binary-expr","locations":[{"start":{"line":17,"column":25},"end":{"line":17,"column":55}},{"start":{"line":17,"column":59},"end":{"line":17,"column":65}}]},"1":{"loc":{"start":{"line":18,"column":24},"end":{"line":18,"column":70}},"type":"binary-expr","locations":[{"start":{"line":18,"column":24},"end":{"line":18,"column":53}},{"start":{"line":18,"column":57},"end":{"line":18,"column":70}}]},"2":{"loc":{"start":{"line":20,"column":8},"end":{"line":37,"column":9}},"type":"if","locations":[{"start":{"line":20,"column":8},"end":{"line":37,"column":9}}]}},"s":{"0":0,"1":0,"2":0,"3":0,"4":0,"5":0,"6":0,"7":0,"8":0,"9":0,"10":0,"11":0,"12":0,"13":0},"f":{"0":0,"1":0,"2":0},"b":{"0":[0,0],"1":[0,0],"2":[0]}}
}
