TN:
SF:src/app.module.ts
FNF:0
FNH:0
DA:1,0
DA:2,0
DA:3,0
DA:4,0
DA:5,0
DA:6,0
DA:7,0
DA:12,0
DA:13,0
DA:42,0
LF:10
LH:0
BRF:0
BRH:0
end_of_record
TN:
SF:src/main.ts
FN:10,bootstrap
FNF:1
FNH:0
FNDA:0,bootstrap
DA:1,0
DA:2,0
DA:3,0
DA:4,0
DA:5,0
DA:6,0
DA:7,0
DA:8,0
DA:11,0
DA:13,0
DA:27,0
DA:29,0
DA:30,0
DA:32,0
DA:40,0
DA:47,0
DA:49,0
LF:17
LH:0
BRDA:47,0,0,0
BRDA:47,0,1,0
BRF:2
BRH:0
end_of_record
TN:
SF:src/application/index.ts
FNF:0
FNH:0
DA:1,0
DA:3,0
DA:4,0
LF:3
LH:0
BRF:0
BRH:0
end_of_record
TN:
SF:src/application/common/success-response.dto.ts
FN:11,(anonymous_2)
FNF:1
FNH:0
FNDA:0,(anonymous_2)
DA:1,0
DA:3,0
DA:9,0
DA:12,0
LF:4
LH:0
BRF:0
BRH:0
end_of_record
TN:
SF:src/application/create/create-notification.dto.ts
FNF:0
FNH:0
DA:1,0
DA:2,0
DA:4,0
DA:7,0
DA:12,0
LF:5
LH:0
BRF:0
BRH:0
end_of_record
TN:
SF:src/application/create/create-notification.usecase.ts
FN:9,(anonymous_2)
FN:11,(anonymous_3)
FNF:2
FNH:2
FNDA:3,(anonymous_2)
FNDA:2,(anonymous_3)
DA:1,1
DA:2,1
DA:6,1
DA:7,3
DA:9,3
DA:12,2
DA:14,2
DA:19,1
DA:20,1
LF:9
LH:9
BRF:0
BRH:0
end_of_record
TN:
SF:src/config/helmet.config.ts
FN:1,(anonymous_0)
FNF:1
FNH:0
FNDA:0,(anonymous_0)
DA:1,0
DA:2,0
DA:4,0
DA:51,0
LF:4
LH:0
BRDA:29,0,0,0
BRDA:29,0,1,0
BRF:2
BRH:0
end_of_record
TN:
SF:src/domain/entities/notification.entity.ts
FN:12,(anonymous_0)
FN:25,(anonymous_1)
FN:34,(anonymous_2)
FN:43,(anonymous_3)
FN:52,(anonymous_4)
FN:56,(anonymous_5)
FN:60,(anonymous_6)
FN:64,(anonymous_7)
FN:68,(anonymous_8)
FN:72,(anonymous_9)
FNF:10
FNH:10
FNDA:7,(anonymous_0)
FNDA:5,(anonymous_1)
FNDA:5,(anonymous_2)
FNDA:7,(anonymous_3)
FNDA:3,(anonymous_4)
FNDA:2,(anonymous_5)
FNDA:11,(anonymous_6)
FNDA:2,(anonymous_7)
FNDA:10,(anonymous_8)
FNDA:2,(anonymous_9)
DA:1,2
DA:2,2
DA:3,2
DA:4,2
DA:6,2
DA:18,7
DA:19,7
DA:20,7
DA:21,7
DA:22,7
DA:26,5
DA:35,5
DA:44,7
DA:45,0
DA:47,7
DA:48,0
DA:53,3
DA:57,2
DA:61,11
DA:65,2
DA:69,10
DA:73,2
LF:22
LH:20
BRDA:44,0,0,0
BRDA:47,1,0,0
BRF:2
BRH:0
end_of_record
TN:
SF:src/domain/errors/domain.error.ts
FN:2,(anonymous_0)
FNF:1
FNH:1
FNDA:9,(anonymous_0)
DA:1,5
DA:3,9
DA:4,9
LF:3
LH:3
BRF:0
BRH:0
end_of_record
TN:
SF:src/domain/value-objects/notification-content.vo.ts
FN:6,(anonymous_0)
FN:11,(anonymous_1)
FN:15,(anonymous_2)
FN:26,(anonymous_3)
FNF:4
FNH:4
FNDA:14,(anonymous_0)
FNDA:14,(anonymous_1)
FNDA:14,(anonymous_2)
FNDA:5,(anonymous_3)
DA:1,3
DA:3,3
DA:7,14
DA:8,14
DA:12,14
DA:16,14
DA:17,4
DA:19,10
DA:20,1
DA:27,5
LF:10
LH:10
BRDA:16,0,0,4
BRDA:19,1,0,1
BRF:2
BRH:2
end_of_record
TN:
SF:src/domain/value-objects/notification-id.vo.ts
FN:8,(anonymous_0)
FN:13,(anonymous_1)
FN:17,(anonymous_2)
FN:23,(anonymous_3)
FNF:4
FNH:4
FNDA:14,(anonymous_0)
FNDA:14,(anonymous_1)
FNDA:14,(anonymous_2)
FNDA:15,(anonymous_3)
DA:1,3
DA:2,3
DA:3,3
DA:5,3
DA:9,14
DA:10,14
DA:14,14
DA:18,14
DA:19,3
DA:24,15
LF:10
LH:10
BRDA:14,0,0,14
BRDA:14,0,1,6
BRDA:18,1,0,3
BRF:3
BRH:3
end_of_record
TN:
SF:src/domain/value-objects/notification-status.vo.ts
FN:11,(anonymous_0)
FN:16,(anonymous_1)
FN:20,(anonymous_2)
FN:24,(anonymous_3)
FN:28,(anonymous_4)
FN:39,(anonymous_5)
FNF:6
FNH:6
FNDA:12,(anonymous_0)
FNDA:7,(anonymous_1)
FNDA:3,(anonymous_2)
FNDA:2,(anonymous_3)
FNDA:12,(anonymous_4)
FNDA:10,(anonymous_5)
DA:1,2
DA:8,2
DA:12,12
DA:13,12
DA:17,7
DA:21,3
DA:25,2
DA:29,12
DA:34,12
DA:35,0
DA:40,10
LF:11
LH:10
BRDA:34,0,0,0
BRF:1
BRH:0
end_of_record
TN:
SF:src/infrastructure/index.ts
FNF:0
FNH:0
DA:1,0
DA:2,0
DA:3,0
DA:4,0
DA:5,0
LF:5
LH:0
BRF:0
BRH:0
end_of_record
TN:
SF:src/infrastructure/gateway/gateway.module.ts
FNF:0
FNH:0
DA:1,0
DA:2,0
DA:8,0
LF:3
LH:0
BRF:0
BRH:0
end_of_record
TN:
SF:src/infrastructure/gateway/notification.gateway.ts
FN:17,(anonymous_2)
FNF:1
FNH:0
FNDA:0,(anonymous_2)
DA:1,1
DA:2,1
DA:3,1
DA:11,1
DA:12,0
DA:15,1
DA:18,0
LF:7
LH:5
BRF:0
BRH:0
end_of_record
TN:
SF:src/infrastructure/handler/create-notification.handler.ts
FN:12,(anonymous_2)
FN:29,(anonymous_3)
FN:42,(anonymous_4)
FNF:3
FNH:3
FNDA:3,(anonymous_2)
FNDA:3,(anonymous_3)
FNDA:3,(anonymous_4)
DA:1,1
DA:2,1
DA:3,1
DA:5,1
DA:6,1
DA:9,1
DA:10,3
DA:12,3
DA:29,1
DA:36,3
DA:40,3
DA:42,3
DA:44,3
DA:45,1
DA:47,2
DA:50,3
DA:55,3
DA:57,3
LF:18
LH:18
BRDA:44,0,0,1
BRDA:44,0,1,2
BRF:2
BRH:2
end_of_record
TN:
SF:src/infrastructure/handler/create-status-notification.handler.ts
FN:16,(anonymous_2)
FN:28,(anonymous_3)
FNF:2
FNH:2
FNDA:3,(anonymous_2)
FNDA:2,(anonymous_3)
DA:1,1
DA:2,1
DA:3,1
DA:5,1
DA:13,1
DA:14,3
DA:16,3
DA:28,1
DA:29,2
DA:31,2
DA:33,2
LF:11
LH:11
BRF:0
BRH:0
end_of_record
TN:
SF:src/infrastructure/handler/handler.module.ts
FNF:0
FNH:0
DA:1,0
DA:2,0
DA:3,0
DA:4,0
DA:5,0
DA:12,0
LF:6
LH:0
BRF:0
BRH:0
end_of_record
TN:
SF:src/infrastructure/health/health.http.ts
FN:11,(anonymous_2)
FN:25,(anonymous_3)
FN:35,(anonymous_4)
FNF:3
FNH:0
FNDA:0,(anonymous_2)
FNDA:0,(anonymous_3)
FNDA:0,(anonymous_4)
DA:1,0
DA:2,0
DA:3,0
DA:7,0
DA:11,0
DA:12,0
DA:26,0
DA:27,0
DA:36,0
LF:9
LH:0
BRDA:16,0,0,0
BRDA:16,0,1,0
BRF:2
BRH:0
end_of_record
TN:
SF:src/infrastructure/http/notification-http.ts
FN:11,(anonymous_4)
FN:15,(anonymous_5)
FNF:2
FNH:0
FNDA:0,(anonymous_4)
FNDA:0,(anonymous_5)
DA:1,0
DA:2,0
DA:3,0
DA:10,0
DA:11,0
DA:15,0
DA:18,0
DA:19,0
LF:8
LH:0
BRF:0
BRH:0
end_of_record
TN:
SF:src/infrastructure/message-broker/config.ts
FN:7,(anonymous_0)
FNF:1
FNH:0
FNDA:0,(anonymous_0)
DA:1,0
DA:4,0
DA:7,0
LF:3
LH:0
BRF:0
BRH:0
end_of_record
TN:
SF:src/infrastructure/message-broker/index.ts
FNF:0
FNH:0
DA:1,0
LF:1
LH:0
BRF:0
BRH:0
end_of_record
TN:
SF:src/infrastructure/message-broker/rabbitmq.module.ts
FNF:0
FNH:0
DA:1,0
DA:2,0
DA:3,0
DA:9,0
LF:4
LH:0
BRF:0
BRH:0
end_of_record
TN:
SF:src/utils/constants/response-messages.ts
FNF:0
FNH:0
DA:1,1
LF:1
LH:1
BRF:0
BRH:0
end_of_record
TN:
SF:src/utils/interceptors/ logging.interceptor.ts
FN:16,(anonymous_2)
FN:18,(anonymous_3)
FN:30,(anonymous_4)
FN:31,(anonymous_5)
FN:36,(anonymous_6)
FN:60,(anonymous_7)
FNF:6
FNH:0
FNDA:0,(anonymous_2)
FNDA:0,(anonymous_3)
FNDA:0,(anonymous_4)
FNDA:0,(anonymous_5)
FNDA:0,(anonymous_6)
FNDA:0,(anonymous_7)
DA:1,0
DA:8,0
DA:9,0
DA:10,0
DA:13,0
DA:14,0
DA:16,0
DA:19,0
DA:21,0
DA:22,0
DA:23,0
DA:24,0
DA:26,0
DA:28,0
DA:30,0
DA:31,0
DA:44,0
DA:45,0
DA:46,0
DA:47,0
DA:49,0
DA:53,0
DA:54,0
DA:61,0
DA:70,0
LF:25
LH:0
BRDA:19,0,0,0
BRDA:49,1,0,0
BRDA:49,1,1,0
BRDA:64,2,0,0
BRDA:64,2,1,0
BRF:5
BRH:0
end_of_record
TN:
SF:src/utils/interceptors/domain-error.interceptor.ts
FN:15,(anonymous_1)
FN:17,(anonymous_2)
FN:20,(anonymous_3)
FN:26,(anonymous_4)
FNF:4
FNH:4
FNDA:3,(anonymous_1)
FNDA:3,(anonymous_2)
FNDA:2,(anonymous_3)
FNDA:1,(anonymous_4)
DA:1,1
DA:8,1
DA:9,1
DA:10,1
DA:11,1
DA:14,1
DA:16,3
DA:18,3
DA:19,2
DA:21,2
DA:26,1
LF:11
LH:11
BRDA:18,0,0,2
BRF:1
BRH:1
end_of_record
TN:
SF:src/utils/interceptors/transform.interceptor.ts
FN:14,(anonymous_1)
FN:19,(anonymous_2)
FNF:2
FNH:2
FNDA:3,(anonymous_1)
FNDA:3,(anonymous_2)
DA:1,1
DA:8,1
DA:11,1
DA:18,3
DA:19,3
LF:5
LH:5
BRF:0
BRH:0
end_of_record
TN:
SF:src/utils/logger/index.ts
FNF:0
FNH:0
DA:1,0
LF:1
LH:0
BRF:0
BRH:0
end_of_record
TN:
SF:src/utils/logger/logger.module.ts
FN:16,(anonymous_1)
FN:23,(anonymous_2)
FN:41,(anonymous_3)
FNF:3
FNH:0
FNDA:0,(anonymous_1)
FNDA:0,(anonymous_2)
FNDA:0,(anonymous_3)
DA:1,0
DA:2,0
DA:3,0
DA:4,0
DA:17,0
DA:18,0
DA:20,0
DA:21,0
DA:23,0
DA:39,0
DA:41,0
DA:52,0
LF:12
LH:0
BRDA:17,0,0,0
BRDA:17,0,1,0
BRDA:18,1,0,0
BRDA:18,1,1,0
BRDA:20,2,0,0
BRF:5
BRH:0
end_of_record
